<?xml version="1.0" encoding="UTF-8"?>
<!-- Generated by org.testng.reporters.JUnitReportReporter -->
<testsuite hostname="ADARSH-PC" failures="0" tests="1" name="com.testNG.demo.TC1" time="0.022" errors="0" timestamp="2025-04-03T11:58:06 CDT" skipped="0">
  <testcase classname="com.testNG.demo.TC1" name="testcase1" time="0.022"/>
  <system-out/>
</testsuite> <!-- com.testNG.demo.TC1 -->
